# JRE version: Java(TM) SE Runtime Environment (8.0_66-b18) (build 1.8.0_66-b18)
# Java VM: Java HotSpot(TM) 64-Bit Server VM (25.66-b18 mixed mode windows-amd64 compressed oops)
Heap:
 PSYoungGen      total 37888K, used 13961K [0x00000000d5a00000, 0x00000000d8a00000, 0x0000000100000000)
  eden space 32768K, 27% used [0x00000000d5a00000,0x00000000d62a4668,0x00000000d7a00000)
  from space 5120K, 99% used [0x00000000d7a80000,0x00000000d7f7e050,0x00000000d7f80000)
  to   space 8192K, 0% used [0x00000000d8200000,0x00000000d8200000,0x00000000d8a00000)
 ParOldGen       total 87552K, used 3385K [0x0000000080e00000, 0x0000000086380000, 0x00000000d5a00000)
  object space 87552K, 3% used [0x0000000080e00000,0x000000008114e478,0x0000000086380000)
 Metaspace       used 17472K, capacity 17704K, committed 17792K, reserved 1064960K
  class space    used 2106K, capacity 2174K, committed 2176K, reserved 1048576K
GC Heap History (10 events):
Event: 6.113 GC heap before
{Heap before GC invocations=1 (full 0):
 PSYoungGen      total 38400K, used 32908K [0x00000000d5a00000, 0x00000000d8480000, 0x0000000100000000)
  eden space 33280K, 98% used [0x00000000d5a00000,0x00000000d7a231b8,0x00000000d7a80000)
  from space 5120K, 0% used [0x00000000d7f80000,0x00000000d7f80000,0x00000000d8480000)
  to   space 5120K, 0% used [0x00000000d7a80000,0x00000000d7a80000,0x00000000d7f80000)
 ParOldGen       total 87552K, used 0K [0x0000000080e00000, 0x0000000086380000, 0x00000000d5a00000)
  object space 87552K, 0% used [0x0000000080e00000,0x0000000080e00000,0x0000000086380000)
 Metaspace       used 15118K, capacity 15336K, committed 15488K, reserved 1062912K
  class space    used 1850K, capacity 1918K, committed 1920K, reserved 1048576K
Event: 6.118 GC heap after
Heap after GC invocations=1 (full 0):
 PSYoungGen      total 38400K, used 5100K [0x00000000d5a00000, 0x00000000d8480000, 0x0000000100000000)
  eden space 33280K, 0% used [0x00000000d5a00000,0x00000000d5a00000,0x00000000d7a80000)
  from space 5120K, 99% used [0x00000000d7a80000,0x00000000d7f7b050,0x00000000d7f80000)
  to   space 5120K, 0% used [0x00000000d7f80000,0x00000000d7f80000,0x00000000d8480000)
 ParOldGen       total 87552K, used 3201K [0x0000000080e00000, 0x0000000086380000, 0x00000000d5a00000)
  object space 87552K, 3% used [0x0000000080e00000,0x0000000081120478,0x0000000086380000)
 Metaspace       used 15118K, capacity 15336K, committed 15488K, reserved 1062912K
  class space    used 1850K, capacity 1918K, committed 1920K, reserved 1048576K
}
Event: 6.691 GC heap before
{Heap before GC invocations=2 (full 0):
 PSYoungGen      total 38400K, used 38315K [0x00000000d5a00000, 0x00000000d8480000, 0x0000000100000000)
  eden space 33280K, 99% used [0x00000000d5a00000,0x00000000d7a6fec0,0x00000000d7a80000)
  from space 5120K, 99% used [0x00000000d7a80000,0x00000000d7f7b050,0x00000000d7f80000)
  to   space 5120K, 0% used [0x00000000d7f80000,0x00000000d7f80000,0x00000000d8480000)
 ParOldGen       total 87552K, used 3201K [0x0000000080e00000, 0x0000000086380000, 0x00000000d5a00000)
  object space 87552K, 3% used [0x0000000080e00000,0x0000000081120478,0x0000000086380000)
 Metaspace       used 15146K, capacity 15400K, committed 15488K, reserved 1062912K
  class space    used 1850K, capacity 1918K, committed 1920K, reserved 1048576K
Event: 6.695 GC heap after
Heap after GC invocations=2 (full 0):
 PSYoungGen      total 38400K, used 4344K [0x00000000d5a00000, 0x00000000d8480000, 0x0000000100000000)
  eden space 33280K, 0% used [0x00000000d5a00000,0x00000000d5a00000,0x00000000d7a80000)
  from space 5120K, 84% used [0x00000000d7f80000,0x00000000d83be050,0x00000000d8480000)
  to   space 5120K, 0% used [0x00000000d7a80000,0x00000000d7a80000,0x00000000d7f80000)
 ParOldGen       total 87552K, used 3209K [0x0000000080e00000, 0x0000000086380000, 0x00000000d5a00000)
  object space 87552K, 3% used [0x0000000080e00000,0x0000000081122478,0x0000000086380000)
 Metaspace       used 15146K, capacity 15400K, committed 15488K, reserved 1062912K
  class space    used 1850K, capacity 1918K, committed 1920K, reserved 1048576K
}
Event: 7.284 GC heap before
{Heap before GC invocations=3 (full 0):
 PSYoungGen      total 38400K, used 37449K [0x00000000d5a00000, 0x00000000d8480000, 0x0000000100000000)
  eden space 33280K, 99% used [0x00000000d5a00000,0x00000000d7a543e0,0x00000000d7a80000)
  from space 5120K, 84% used [0x00000000d7f80000,0x00000000d83be050,0x00000000d8480000)
  to   space 5120K, 0% used [0x00000000d7a80000,0x00000000d7a80000,0x00000000d7f80000)
 ParOldGen       total 87552K, used 3209K [0x0000000080e00000, 0x0000000086380000, 0x00000000d5a00000)
  object space 87552K, 3% used [0x0000000080e00000,0x0000000081122478,0x0000000086380000)
 Metaspace       used 15165K, capacity 15400K, committed 15488K, reserved 1062912K
  class space    used 1850K, capacity 1918K, committed 1920K, reserved 1048576K
Event: 7.287 GC heap after
Heap after GC invocations=3 (full 0):
 PSYoungGen      total 38400K, used 3444K [0x00000000d5a00000, 0x00000000d8480000, 0x0000000100000000)
  eden space 33280K, 0% used [0x00000000d5a00000,0x00000000d5a00000,0x00000000d7a80000)
  from space 5120K, 67% used [0x00000000d7a80000,0x00000000d7ddd040,0x00000000d7f80000)
  to   space 5120K, 0% used [0x00000000d7f80000,0x00000000d7f80000,0x00000000d8480000)
 ParOldGen       total 87552K, used 3217K [0x0000000080e00000, 0x0000000086380000, 0x00000000d5a00000)
  object space 87552K, 3% used [0x0000000080e00000,0x0000000081124478,0x0000000086380000)
 Metaspace       used 15165K, capacity 15400K, committed 15488K, reserved 1062912K
  class space    used 1850K, capacity 1918K, committed 1920K, reserved 1048576K
}
Event: 7.822 GC heap before
{Heap before GC invocations=4 (full 0):
 PSYoungGen      total 38400K, used 36339K [0x00000000d5a00000, 0x00000000d8480000, 0x0000000100000000)
  eden space 33280K, 98% used [0x00000000d5a00000,0x00000000d7a1fcf0,0x00000000d7a80000)
  from space 5120K, 67% used [0x00000000d7a80000,0x00000000d7ddd040,0x00000000d7f80000)
  to   space 5120K, 0% used [0x00000000d7f80000,0x00000000d7f80000,0x00000000d8480000)
 ParOldGen       total 87552K, used 3217K [0x0000000080e00000, 0x0000000086380000, 0x00000000d5a00000)
  object space 87552K, 3% used [0x0000000080e00000,0x0000000081124478,0x0000000086380000)
 Metaspace       used 15858K, capacity 16040K, committed 16384K, reserved 1062912K
  class space    used 1905K, capacity 1982K, committed 2048K, reserved 1048576K
Event: 7.825 GC heap after
Heap after GC invocations=4 (full 0):
 PSYoungGen      total 38400K, used 4587K [0x00000000d5a00000, 0x00000000d8480000, 0x0000000100000000)
  eden space 33280K, 0% used [0x00000000d5a00000,0x00000000d5a00000,0x00000000d7a80000)
  from space 5120K, 89% used [0x00000000d7f80000,0x00000000d83fac90,0x00000000d8480000)
  to   space 5120K, 0% used [0x00000000d7a80000,0x00000000d7a80000,0x00000000d7f80000)
 ParOldGen       total 87552K, used 3225K [0x0000000080e00000, 0x0000000086380000, 0x00000000d5a00000)
  object space 87552K, 3% used [0x0000000080e00000,0x0000000081126478,0x0000000086380000)
 Metaspace       used 15858K, capacity 16040K, committed 16384K, reserved 1062912K
  class space    used 1905K, capacity 1982K, committed 2048K, reserved 1048576K
}
Event: 8.286 GC heap before
{Heap before GC invocations=5 (full 0):
 PSYoungGen      total 38400K, used 37193K [0x00000000d5a00000, 0x00000000d8480000, 0x0000000100000000)
  eden space 33280K, 97% used [0x00000000d5a00000,0x00000000d79d7b68,0x00000000d7a80000)
  from space 5120K, 89% used [0x00000000d7f80000,0x00000000d83fac90,0x00000000d8480000)
  to   space 5120K, 0% used [0x00000000d7a80000,0x00000000d7a80000,0x00000000d7f80000)
 ParOldGen       total 87552K, used 3225K [0x0000000080e00000, 0x0000000086380000, 0x00000000d5a00000)
  object space 87552K, 3% used [0x0000000080e00000,0x0000000081126478,0x0000000086380000)
 Metaspace       used 17240K, capacity 17416K, committed 17536K, reserved 1064960K
  class space    used 2081K, capacity 2142K, committed 2176K, reserved 1048576K
Event: 8.289 GC heap after
Heap after GC invocations=5 (full 0):
 PSYoungGen      total 37888K, used 5112K [0x00000000d5a00000, 0x00000000d8a00000, 0x0000000100000000)
  eden space 32768K, 0% used [0x00000000d5a00000,0x00000000d5a00000,0x00000000d7a00000)
  from space 5120K, 99% used [0x00000000d7a80000,0x00000000d7f7e050,0x00000000d7f80000)
  to   space 8192K, 0% used [0x00000000d8200000,0x00000000d8200000,0x00000000d8a00000)
 ParOldGen       total 87552K, used 3385K [0x0000000080e00000, 0x0000000086380000, 0x00000000d5a00000)
  object space 87552K, 3% used [0x0000000080e00000,0x000000008114e478,0x0000000086380000)
 Metaspace       used 17240K, capacity 17416K, committed 17536K, reserved 1064960K
  class space    used 2081K, capacity 2142K, committed 2176K, reserved 1048576K
}

