# JRE version: Java(TM) SE Runtime Environment (8.0_45-b14) (build 1.8.0_45-b14)
# Java VM: Java HotSpot(TM) 64-Bit Server VM (25.45-b02 mixed mode windows-amd64 compressed oops)
Heap:
 PSYoungGen      total 39424K, used 28719K [0x00000000d5c00000, 0x00000000d8b00000, 0x0000000100000000)
  eden space 31744K, 83% used [0x00000000d5c00000,0x00000000d75c9f60,0x00000000d7b00000)
  from space 7680K, 30% used [0x00000000d7b80000,0x00000000d7dc2020,0x00000000d8300000)
  to   space 8192K, 0% used [0x00000000d8300000,0x00000000d8300000,0x00000000d8b00000)
 ParOldGen       total 87552K, used 7991K [0x0000000081400000, 0x0000000086980000, 0x00000000d5c00000)
  object space 87552K, 9% used [0x0000000081400000,0x0000000081bcde98,0x0000000086980000)
 Metaspace       used 17590K, capacity 17792K, committed 18176K, reserved 1064960K
  class space    used 2113K, capacity 2204K, committed 2304K, reserved 1048576K
GC Heap History (10 events):
Event: 8.841 GC heap before
{Heap before GC invocations=3 (full 0):
 PSYoungGen      total 38400K, used 38295K [0x00000000d5c00000, 0x00000000d8680000, 0x0000000100000000)
  eden space 33280K, 99% used [0x00000000d5c00000,0x00000000d7c6ae10,0x00000000d7c80000)
  from space 5120K, 99% used [0x00000000d8180000,0x00000000d867b050,0x00000000d8680000)
  to   space 5120K, 0% used [0x00000000d7c80000,0x00000000d7c80000,0x00000000d8180000)
 ParOldGen       total 87552K, used 2817K [0x0000000081400000, 0x0000000086980000, 0x00000000d5c00000)
  object space 87552K, 3% used [0x0000000081400000,0x00000000816c06f8,0x0000000086980000)
 Metaspace       used 15054K, capacity 15256K, committed 15488K, reserved 1062912K
  class space    used 1848K, capacity 1916K, committed 1920K, reserved 1048576K
Event: 8.850 GC heap after
Heap after GC invocations=3 (full 0):
 PSYoungGen      total 38400K, used 4264K [0x00000000d5c00000, 0x00000000d8680000, 0x0000000100000000)
  eden space 33280K, 0% used [0x00000000d5c00000,0x00000000d5c00000,0x00000000d7c80000)
  from space 5120K, 83% used [0x00000000d7c80000,0x00000000d80aa040,0x00000000d8180000)
  to   space 5120K, 0% used [0x00000000d8180000,0x00000000d8180000,0x00000000d8680000)
 ParOldGen       total 87552K, used 2825K [0x0000000081400000, 0x0000000086980000, 0x00000000d5c00000)
  object space 87552K, 3% used [0x0000000081400000,0x00000000816c26f8,0x0000000086980000)
 Metaspace       used 15054K, capacity 15256K, committed 15488K, reserved 1062912K
  class space    used 1848K, capacity 1916K, committed 1920K, reserved 1048576K
}
Event: 10.040 GC heap before
{Heap before GC invocations=4 (full 0):
 PSYoungGen      total 38400K, used 36947K [0x00000000d5c00000, 0x00000000d8680000, 0x0000000100000000)
  eden space 33280K, 98% used [0x00000000d5c00000,0x00000000d7beaf48,0x00000000d7c80000)
  from space 5120K, 83% used [0x00000000d7c80000,0x00000000d80aa040,0x00000000d8180000)
  to   space 5120K, 0% used [0x00000000d8180000,0x00000000d8180000,0x00000000d8680000)
 ParOldGen       total 87552K, used 2825K [0x0000000081400000, 0x0000000086980000, 0x00000000d5c00000)
  object space 87552K, 3% used [0x0000000081400000,0x00000000816c26f8,0x0000000086980000)
 Metaspace       used 15226K, capacity 15448K, committed 15744K, reserved 1062912K
  class space    used 1855K, capacity 1916K, committed 1920K, reserved 1048576K
Event: 10.044 GC heap after
Heap after GC invocations=4 (full 0):
 PSYoungGen      total 38400K, used 5100K [0x00000000d5c00000, 0x00000000d8680000, 0x0000000100000000)
  eden space 33280K, 0% used [0x00000000d5c00000,0x00000000d5c00000,0x00000000d7c80000)
  from space 5120K, 99% used [0x00000000d8180000,0x00000000d867b050,0x00000000d8680000)
  to   space 5120K, 0% used [0x00000000d7c80000,0x00000000d7c80000,0x00000000d8180000)
 ParOldGen       total 87552K, used 2902K [0x0000000081400000, 0x0000000086980000, 0x00000000d5c00000)
  object space 87552K, 3% used [0x0000000081400000,0x00000000816d5a68,0x0000000086980000)
 Metaspace       used 15226K, capacity 15448K, committed 15744K, reserved 1062912K
  class space    used 1855K, capacity 1916K, committed 1920K, reserved 1048576K
}
Event: 11.241 GC heap before
{Heap before GC invocations=5 (full 0):
 PSYoungGen      total 38400K, used 37708K [0x00000000d5c00000, 0x00000000d8680000, 0x0000000100000000)
  eden space 33280K, 97% used [0x00000000d5c00000,0x00000000d7bd81c0,0x00000000d7c80000)
  from space 5120K, 99% used [0x00000000d8180000,0x00000000d867b050,0x00000000d8680000)
  to   space 5120K, 0% used [0x00000000d7c80000,0x00000000d7c80000,0x00000000d8180000)
 ParOldGen       total 87552K, used 2902K [0x0000000081400000, 0x0000000086980000, 0x00000000d5c00000)
  object space 87552K, 3% used [0x0000000081400000,0x00000000816d5a68,0x0000000086980000)
 Metaspace       used 15261K, capacity 15456K, committed 15744K, reserved 1062912K
  class space    used 1855K, capacity 1916K, committed 1920K, reserved 1048576K
Event: 11.251 GC heap after
Heap after GC invocations=5 (full 0):
 PSYoungGen      total 37888K, used 4264K [0x00000000d5c00000, 0x00000000d8c00000, 0x0000000100000000)
  eden space 32768K, 0% used [0x00000000d5c00000,0x00000000d5c00000,0x00000000d7c00000)
  from space 5120K, 83% used [0x00000000d7c80000,0x00000000d80aa040,0x00000000d8180000)
  to   space 8192K, 0% used [0x00000000d8400000,0x00000000d8400000,0x00000000d8c00000)
 ParOldGen       total 87552K, used 2910K [0x0000000081400000, 0x0000000086980000, 0x00000000d5c00000)
  object space 87552K, 3% used [0x0000000081400000,0x00000000816d7a68,0x0000000086980000)
 Metaspace       used 15261K, capacity 15456K, committed 15744K, reserved 1062912K
  class space    used 1855K, capacity 1916K, committed 1920K, reserved 1048576K
}
Event: 12.307 GC heap before
{Heap before GC invocations=6 (full 0):
 PSYoungGen      total 37888K, used 36894K [0x00000000d5c00000, 0x00000000d8c00000, 0x0000000100000000)
  eden space 32768K, 99% used [0x00000000d5c00000,0x00000000d7bddb50,0x00000000d7c00000)
  from space 5120K, 83% used [0x00000000d7c80000,0x00000000d80aa040,0x00000000d8180000)
  to   space 8192K, 0% used [0x00000000d8400000,0x00000000d8400000,0x00000000d8c00000)
 ParOldGen       total 87552K, used 2910K [0x0000000081400000, 0x0000000086980000, 0x00000000d5c00000)
  object space 87552K, 3% used [0x0000000081400000,0x00000000816d7a68,0x0000000086980000)
 Metaspace       used 15967K, capacity 16224K, committed 16384K, reserved 1062912K
  class space    used 1910K, capacity 1980K, committed 2048K, reserved 1048576K
Event: 12.311 GC heap after
Heap after GC invocations=6 (full 0):
 PSYoungGen      total 38912K, used 5423K [0x00000000d5c00000, 0x00000000d8a80000, 0x0000000100000000)
  eden space 32256K, 0% used [0x00000000d5c00000,0x00000000d5c00000,0x00000000d7b80000)
  from space 6656K, 81% used [0x00000000d8400000,0x00000000d894bca0,0x00000000d8a80000)
  to   space 7680K, 0% used [0x00000000d7b80000,0x00000000d7b80000,0x00000000d8300000)
 ParOldGen       total 87552K, used 2918K [0x0000000081400000, 0x0000000086980000, 0x00000000d5c00000)
  object space 87552K, 3% used [0x0000000081400000,0x00000000816d9a68,0x0000000086980000)
 Metaspace       used 15967K, capacity 16224K, committed 16384K, reserved 1062912K
  class space    used 1910K, capacity 1980K, committed 2048K, reserved 1048576K
}
Event: 13.379 GC heap before
{Heap before GC invocations=7 (full 0):
 PSYoungGen      total 38912K, used 36957K [0x00000000d5c00000, 0x00000000d8a80000, 0x0000000100000000)
  eden space 32256K, 97% used [0x00000000d5c00000,0x00000000d7acb7b0,0x00000000d7b80000)
  from space 6656K, 81% used [0x00000000d8400000,0x00000000d894bca0,0x00000000d8a80000)
  to   space 7680K, 0% used [0x00000000d7b80000,0x00000000d7b80000,0x00000000d8300000)
 ParOldGen       total 87552K, used 2918K [0x0000000081400000, 0x0000000086980000, 0x00000000d5c00000)
  object space 87552K, 3% used [0x0000000081400000,0x00000000816d9a68,0x0000000086980000)
 Metaspace       used 16429K, capacity 16672K, committed 16896K, reserved 1064960K
  class space    used 1964K, capacity 2044K, committed 2048K, reserved 1048576K
Event: 13.385 GC heap after
Heap after GC invocations=7 (full 0):
 PSYoungGen      total 39424K, used 2312K [0x00000000d5c00000, 0x00000000d8b00000, 0x0000000100000000)
  eden space 31744K, 0% used [0x00000000d5c00000,0x00000000d5c00000,0x00000000d7b00000)
  from space 7680K, 30% used [0x00000000d7b80000,0x00000000d7dc2020,0x00000000d8300000)
  to   space 8192K, 0% used [0x00000000d8300000,0x00000000d8300000,0x00000000d8b00000)
 ParOldGen       total 87552K, used 7991K [0x0000000081400000, 0x0000000086980000, 0x00000000d5c00000)
  object space 87552K, 9% used [0x0000000081400000,0x0000000081bcde98,0x0000000086980000)
 Metaspace       used 16429K, capacity 16672K, committed 16896K, reserved 1064960K
  class space    used 1964K, capacity 2044K, committed 2048K, reserved 1048576K
}

