# JRE version: Java(TM) SE Runtime Environment (8.0_66-b18) (build 1.8.0_66-b18)
# Java VM: Java HotSpot(TM) 64-Bit Server VM (25.66-b18 mixed mode windows-amd64 compressed oops)
Heap:
 PSYoungGen      total 37888K, used 15118K [0x00000000d5a00000, 0x00000000d8d00000, 0x0000000100000000)
  eden space 32768K, 30% used [0x00000000d5a00000,0x00000000d63c89d0,0x00000000d7a00000)
  from space 5120K, 99% used [0x00000000d7a80000,0x00000000d7f7b050,0x00000000d7f80000)
  to   space 9728K, 0% used [0x00000000d8380000,0x00000000d8380000,0x00000000d8d00000)
 ParOldGen       total 87552K, used 9776K [0x0000000080e00000, 0x0000000086380000, 0x00000000d5a00000)
  object space 87552K, 11% used [0x0000000080e00000,0x000000008178c168,0x0000000086380000)
 Metaspace       used 17484K, capacity 17704K, committed 17792K, reserved 1064960K
  class space    used 2106K, capacity 2174K, committed 2176K, reserved 1048576K
GC Heap History (10 events):
Event: 6.473 GC heap before
{Heap before GC invocations=1 (full 0):
 PSYoungGen      total 38400K, used 32458K [0x00000000d5a00000, 0x00000000d8480000, 0x0000000100000000)
  eden space 33280K, 97% used [0x00000000d5a00000,0x00000000d79b2880,0x00000000d7a80000)
  from space 5120K, 0% used [0x00000000d7f80000,0x00000000d7f80000,0x00000000d8480000)
  to   space 5120K, 0% used [0x00000000d7a80000,0x00000000d7a80000,0x00000000d7f80000)
 ParOldGen       total 87552K, used 0K [0x0000000080e00000, 0x0000000086380000, 0x00000000d5a00000)
  object space 87552K, 0% used [0x0000000080e00000,0x0000000080e00000,0x0000000086380000)
 Metaspace       used 15131K, capacity 15336K, committed 15488K, reserved 1062912K
  class space    used 1849K, capacity 1918K, committed 1920K, reserved 1048576K
Event: 6.480 GC heap after
Heap after GC invocations=1 (full 0):
 PSYoungGen      total 38400K, used 5116K [0x00000000d5a00000, 0x00000000d8480000, 0x0000000100000000)
  eden space 33280K, 0% used [0x00000000d5a00000,0x00000000d5a00000,0x00000000d7a80000)
  from space 5120K, 99% used [0x00000000d7a80000,0x00000000d7f7f060,0x00000000d7f80000)
  to   space 5120K, 0% used [0x00000000d7f80000,0x00000000d7f80000,0x00000000d8480000)
 ParOldGen       total 87552K, used 2282K [0x0000000080e00000, 0x0000000086380000, 0x00000000d5a00000)
  object space 87552K, 2% used [0x0000000080e00000,0x000000008103a8d0,0x0000000086380000)
 Metaspace       used 15131K, capacity 15336K, committed 15488K, reserved 1062912K
  class space    used 1849K, capacity 1918K, committed 1920K, reserved 1048576K
}
Event: 7.045 GC heap before
{Heap before GC invocations=2 (full 0):
 PSYoungGen      total 38400K, used 38331K [0x00000000d5a00000, 0x00000000d8480000, 0x0000000100000000)
  eden space 33280K, 99% used [0x00000000d5a00000,0x00000000d7a6fca0,0x00000000d7a80000)
  from space 5120K, 99% used [0x00000000d7a80000,0x00000000d7f7f060,0x00000000d7f80000)
  to   space 5120K, 0% used [0x00000000d7f80000,0x00000000d7f80000,0x00000000d8480000)
 ParOldGen       total 87552K, used 2282K [0x0000000080e00000, 0x0000000086380000, 0x00000000d5a00000)
  object space 87552K, 2% used [0x0000000080e00000,0x000000008103a8d0,0x0000000086380000)
 Metaspace       used 15160K, capacity 15400K, committed 15488K, reserved 1062912K
  class space    used 1849K, capacity 1918K, committed 1920K, reserved 1048576K
Event: 7.049 GC heap after
Heap after GC invocations=2 (full 0):
 PSYoungGen      total 38400K, used 5116K [0x00000000d5a00000, 0x00000000d8480000, 0x0000000100000000)
  eden space 33280K, 0% used [0x00000000d5a00000,0x00000000d5a00000,0x00000000d7a80000)
  from space 5120K, 99% used [0x00000000d7f80000,0x00000000d847f060,0x00000000d8480000)
  to   space 5120K, 0% used [0x00000000d7a80000,0x00000000d7a80000,0x00000000d7f80000)
 ParOldGen       total 87552K, used 5038K [0x0000000080e00000, 0x0000000086380000, 0x00000000d5a00000)
  object space 87552K, 5% used [0x0000000080e00000,0x00000000812eb900,0x0000000086380000)
 Metaspace       used 15160K, capacity 15400K, committed 15488K, reserved 1062912K
  class space    used 1849K, capacity 1918K, committed 1920K, reserved 1048576K
}
Event: 7.607 GC heap before
{Heap before GC invocations=3 (full 0):
 PSYoungGen      total 38400K, used 38217K [0x00000000d5a00000, 0x00000000d8480000, 0x0000000100000000)
  eden space 33280K, 99% used [0x00000000d5a00000,0x00000000d7a53558,0x00000000d7a80000)
  from space 5120K, 99% used [0x00000000d7f80000,0x00000000d847f060,0x00000000d8480000)
  to   space 5120K, 0% used [0x00000000d7a80000,0x00000000d7a80000,0x00000000d7f80000)
 ParOldGen       total 87552K, used 5038K [0x0000000080e00000, 0x0000000086380000, 0x00000000d5a00000)
  object space 87552K, 5% used [0x0000000080e00000,0x00000000812eb900,0x0000000086380000)
 Metaspace       used 15174K, capacity 15400K, committed 15488K, reserved 1062912K
  class space    used 1849K, capacity 1918K, committed 1920K, reserved 1048576K
Event: 7.610 GC heap after
Heap after GC invocations=3 (full 0):
 PSYoungGen      total 38400K, used 5100K [0x00000000d5a00000, 0x00000000d8480000, 0x0000000100000000)
  eden space 33280K, 0% used [0x00000000d5a00000,0x00000000d5a00000,0x00000000d7a80000)
  from space 5120K, 99% used [0x00000000d7a80000,0x00000000d7f7b050,0x00000000d7f80000)
  to   space 5120K, 0% used [0x00000000d7f80000,0x00000000d7f80000,0x00000000d8480000)
 ParOldGen       total 87552K, used 8714K [0x0000000080e00000, 0x0000000086380000, 0x00000000d5a00000)
  object space 87552K, 9% used [0x0000000080e00000,0x0000000081682950,0x0000000086380000)
 Metaspace       used 15174K, capacity 15400K, committed 15488K, reserved 1062912K
  class space    used 1849K, capacity 1918K, committed 1920K, reserved 1048576K
}
Event: 8.179 GC heap before
{Heap before GC invocations=4 (full 0):
 PSYoungGen      total 38400K, used 37844K [0x00000000d5a00000, 0x00000000d8480000, 0x0000000100000000)
  eden space 33280K, 98% used [0x00000000d5a00000,0x00000000d79fa350,0x00000000d7a80000)
  from space 5120K, 99% used [0x00000000d7a80000,0x00000000d7f7b050,0x00000000d7f80000)
  to   space 5120K, 0% used [0x00000000d7f80000,0x00000000d7f80000,0x00000000d8480000)
 ParOldGen       total 87552K, used 8714K [0x0000000080e00000, 0x0000000086380000, 0x00000000d5a00000)
  object space 87552K, 9% used [0x0000000080e00000,0x0000000081682950,0x0000000086380000)
 Metaspace       used 15870K, capacity 16040K, committed 16384K, reserved 1062912K
  class space    used 1905K, capacity 1982K, committed 2048K, reserved 1048576K
Event: 8.182 GC heap after
Heap after GC invocations=4 (full 0):
 PSYoungGen      total 38400K, used 4619K [0x00000000d5a00000, 0x00000000d8480000, 0x0000000100000000)
  eden space 33280K, 0% used [0x00000000d5a00000,0x00000000d5a00000,0x00000000d7a80000)
  from space 5120K, 90% used [0x00000000d7f80000,0x00000000d8402c90,0x00000000d8480000)
  to   space 5120K, 0% used [0x00000000d7a80000,0x00000000d7a80000,0x00000000d7f80000)
 ParOldGen       total 87552K, used 8722K [0x0000000080e00000, 0x0000000086380000, 0x00000000d5a00000)
  object space 87552K, 9% used [0x0000000080e00000,0x0000000081684950,0x0000000086380000)
 Metaspace       used 15870K, capacity 16040K, committed 16384K, reserved 1062912K
  class space    used 1905K, capacity 1982K, committed 2048K, reserved 1048576K
}
Event: 8.619 GC heap before
{Heap before GC invocations=5 (full 0):
 PSYoungGen      total 38400K, used 37372K [0x00000000d5a00000, 0x00000000d8480000, 0x0000000100000000)
  eden space 33280K, 98% used [0x00000000d5a00000,0x00000000d79fc5e8,0x00000000d7a80000)
  from space 5120K, 90% used [0x00000000d7f80000,0x00000000d8402c90,0x00000000d8480000)
  to   space 5120K, 0% used [0x00000000d7a80000,0x00000000d7a80000,0x00000000d7f80000)
 ParOldGen       total 87552K, used 8722K [0x0000000080e00000, 0x0000000086380000, 0x00000000d5a00000)
  object space 87552K, 9% used [0x0000000080e00000,0x0000000081684950,0x0000000086380000)
 Metaspace       used 17339K, capacity 17512K, committed 17792K, reserved 1064960K
  class space    used 2097K, capacity 2174K, committed 2176K, reserved 1048576K
Event: 8.624 GC heap after
Heap after GC invocations=5 (full 0):
 PSYoungGen      total 37888K, used 5100K [0x00000000d5a00000, 0x00000000d8d00000, 0x0000000100000000)
  eden space 32768K, 0% used [0x00000000d5a00000,0x00000000d5a00000,0x00000000d7a00000)
  from space 5120K, 99% used [0x00000000d7a80000,0x00000000d7f7b050,0x00000000d7f80000)
  to   space 9728K, 0% used [0x00000000d8380000,0x00000000d8380000,0x00000000d8d00000)
 ParOldGen       total 87552K, used 9776K [0x0000000080e00000, 0x0000000086380000, 0x00000000d5a00000)
  object space 87552K, 11% used [0x0000000080e00000,0x000000008178c168,0x0000000086380000)
 Metaspace       used 17339K, capacity 17512K, committed 17792K, reserved 1064960K
  class space    used 2097K, capacity 2174K, committed 2176K, reserved 1048576K
}

