# JRE version: Java(TM) SE Runtime Environment (8.0_66-b18) (build 1.8.0_66-b18)
# Java VM: Java HotSpot(TM) 64-Bit Server VM (25.66-b18 mixed mode windows-amd64 compressed oops)
Heap:
 PSYoungGen      total 38400K, used 20733K [0x00000000d5a00000, 0x00000000d8980000, 0x0000000100000000)
  eden space 30208K, 56% used [0x00000000d5a00000,0x00000000d6a94428,0x00000000d7780000)
  from space 8192K, 45% used [0x00000000d8180000,0x00000000d852b030,0x00000000d8980000)
  to   space 9216K, 0% used [0x00000000d7780000,0x00000000d7780000,0x00000000d8080000)
 ParOldGen       total 87552K, used 7555K [0x0000000080e00000, 0x0000000086380000, 0x00000000d5a00000)
  object space 87552K, 8% used [0x0000000080e00000,0x0000000081560fc0,0x0000000086380000)
 Metaspace       used 17565K, capacity 17776K, committed 18048K, reserved 1064960K
  class space    used 2106K, capacity 2174K, committed 2176K, reserved 1048576K
GC Heap History (10 events):
Event: 8.368 GC heap before
{Heap before GC invocations=6 (full 0):
 PSYoungGen      total 37888K, used 36948K [0x00000000d5a00000, 0x00000000d8f00000, 0x0000000100000000)
  eden space 32768K, 99% used [0x00000000d5a00000,0x00000000d79db2d0,0x00000000d7a00000)
  from space 5120K, 84% used [0x00000000d7a80000,0x00000000d7eba040,0x00000000d7f80000)
  to   space 10752K, 0% used [0x00000000d8480000,0x00000000d8480000,0x00000000d8f00000)
 ParOldGen       total 87552K, used 5090K [0x0000000080e00000, 0x0000000086380000, 0x00000000d5a00000)
  object space 87552K, 5% used [0x0000000080e00000,0x00000000812f8830,0x0000000086380000)
 Metaspace       used 15219K, capacity 15472K, committed 15744K, reserved 1062912K
  class space    used 1849K, capacity 1918K, committed 1920K, reserved 1048576K
Event: 8.373 GC heap after
Heap after GC invocations=6 (full 0):
 PSYoungGen      total 40448K, used 5148K [0x00000000d5a00000, 0x00000000d8c80000, 0x0000000100000000)
  eden space 32256K, 0% used [0x00000000d5a00000,0x00000000d5a00000,0x00000000d7980000)
  from space 8192K, 62% used [0x00000000d8480000,0x00000000d8987060,0x00000000d8c80000)
  to   space 9728K, 0% used [0x00000000d7980000,0x00000000d7980000,0x00000000d8300000)
 ParOldGen       total 87552K, used 5098K [0x0000000080e00000, 0x0000000086380000, 0x00000000d5a00000)
  object space 87552K, 5% used [0x0000000080e00000,0x00000000812fa830,0x0000000086380000)
 Metaspace       used 15219K, capacity 15472K, committed 15744K, reserved 1062912K
  class space    used 1849K, capacity 1918K, committed 1920K, reserved 1048576K
}
Event: 8.951 GC heap before
{Heap before GC invocations=7 (full 0):
 PSYoungGen      total 40448K, used 36675K [0x00000000d5a00000, 0x00000000d8c80000, 0x0000000100000000)
  eden space 32256K, 97% used [0x00000000d5a00000,0x00000000d78c9c78,0x00000000d7980000)
  from space 8192K, 62% used [0x00000000d8480000,0x00000000d8987060,0x00000000d8c80000)
  to   space 9728K, 0% used [0x00000000d7980000,0x00000000d7980000,0x00000000d8300000)
 ParOldGen       total 87552K, used 5098K [0x0000000080e00000, 0x0000000086380000, 0x00000000d5a00000)
  object space 87552K, 5% used [0x0000000080e00000,0x00000000812fa830,0x0000000086380000)
 Metaspace       used 15225K, capacity 15472K, committed 15744K, reserved 1062912K
  class space    used 1849K, capacity 1918K, committed 1920K, reserved 1048576K
Event: 8.957 GC heap after
Heap after GC invocations=7 (full 0):
 PSYoungGen      total 41472K, used 1188K [0x00000000d5a00000, 0x00000000d8d00000, 0x0000000100000000)
  eden space 31744K, 0% used [0x00000000d5a00000,0x00000000d5a00000,0x00000000d7900000)
  from space 9728K, 12% used [0x00000000d7980000,0x00000000d7aa9010,0x00000000d8300000)
  to   space 10240K, 0% used [0x00000000d8300000,0x00000000d8300000,0x00000000d8d00000)
 ParOldGen       total 87552K, used 7451K [0x0000000080e00000, 0x0000000086380000, 0x00000000d5a00000)
  object space 87552K, 8% used [0x0000000080e00000,0x0000000081546fc0,0x0000000086380000)
 Metaspace       used 15225K, capacity 15472K, committed 15744K, reserved 1062912K
  class space    used 1849K, capacity 1918K, committed 1920K, reserved 1048576K
}
Event: 9.507 GC heap before
{Heap before GC invocations=8 (full 0):
 PSYoungGen      total 41472K, used 32631K [0x00000000d5a00000, 0x00000000d8d00000, 0x0000000100000000)
  eden space 31744K, 99% used [0x00000000d5a00000,0x00000000d78b4cf8,0x00000000d7900000)
  from space 9728K, 12% used [0x00000000d7980000,0x00000000d7aa9010,0x00000000d8300000)
  to   space 10240K, 0% used [0x00000000d8300000,0x00000000d8300000,0x00000000d8d00000)
 ParOldGen       total 87552K, used 7451K [0x0000000080e00000, 0x0000000086380000, 0x00000000d5a00000)
  object space 87552K, 8% used [0x0000000080e00000,0x0000000081546fc0,0x0000000086380000)
 Metaspace       used 15240K, capacity 15472K, committed 15744K, reserved 1062912K
  class space    used 1849K, capacity 1918K, committed 1920K, reserved 1048576K
Event: 9.508 GC heap after
Heap after GC invocations=8 (full 0):
 PSYoungGen      total 40960K, used 2988K [0x00000000d5a00000, 0x00000000d8c80000, 0x0000000100000000)
  eden space 31232K, 0% used [0x00000000d5a00000,0x00000000d5a00000,0x00000000d7880000)
  from space 9728K, 30% used [0x00000000d8300000,0x00000000d85eb030,0x00000000d8c80000)
  to   space 10240K, 0% used [0x00000000d7880000,0x00000000d7880000,0x00000000d8280000)
 ParOldGen       total 87552K, used 7499K [0x0000000080e00000, 0x0000000086380000, 0x00000000d5a00000)
  object space 87552K, 8% used [0x0000000080e00000,0x0000000081552fc0,0x0000000086380000)
 Metaspace       used 15240K, capacity 15472K, committed 15744K, reserved 1062912K
  class space    used 1849K, capacity 1918K, committed 1920K, reserved 1048576K
}
Event: 10.049 GC heap before
{Heap before GC invocations=9 (full 0):
 PSYoungGen      total 40960K, used 34112K [0x00000000d5a00000, 0x00000000d8c80000, 0x0000000100000000)
  eden space 31232K, 99% used [0x00000000d5a00000,0x00000000d7865288,0x00000000d7880000)
  from space 9728K, 30% used [0x00000000d8300000,0x00000000d85eb030,0x00000000d8c80000)
  to   space 10240K, 0% used [0x00000000d7880000,0x00000000d7880000,0x00000000d8280000)
 ParOldGen       total 87552K, used 7499K [0x0000000080e00000, 0x0000000086380000, 0x00000000d5a00000)
  object space 87552K, 8% used [0x0000000080e00000,0x0000000081552fc0,0x0000000086380000)
 Metaspace       used 15409K, capacity 15632K, committed 15872K, reserved 1062912K
  class space    used 1867K, capacity 1950K, committed 2048K, reserved 1048576K
Event: 10.050 GC heap after
Heap after GC invocations=9 (full 0):
 PSYoungGen      total 34816K, used 3969K [0x00000000d5a00000, 0x00000000d8b00000, 0x0000000100000000)
  eden space 30720K, 0% used [0x00000000d5a00000,0x00000000d5a00000,0x00000000d7800000)
  from space 4096K, 96% used [0x00000000d7880000,0x00000000d7c60650,0x00000000d7c80000)
  to   space 9728K, 0% used [0x00000000d8180000,0x00000000d8180000,0x00000000d8b00000)
 ParOldGen       total 87552K, used 7523K [0x0000000080e00000, 0x0000000086380000, 0x00000000d5a00000)
  object space 87552K, 8% used [0x0000000080e00000,0x0000000081558fc0,0x0000000086380000)
 Metaspace       used 15409K, capacity 15632K, committed 15872K, reserved 1062912K
  class space    used 1867K, capacity 1950K, committed 2048K, reserved 1048576K
}
Event: 10.513 GC heap before
{Heap before GC invocations=10 (full 0):
 PSYoungGen      total 34816K, used 34599K [0x00000000d5a00000, 0x00000000d8b00000, 0x0000000100000000)
  eden space 30720K, 99% used [0x00000000d5a00000,0x00000000d77e9740,0x00000000d7800000)
  from space 4096K, 96% used [0x00000000d7880000,0x00000000d7c60650,0x00000000d7c80000)
  to   space 9728K, 0% used [0x00000000d8180000,0x00000000d8180000,0x00000000d8b00000)
 ParOldGen       total 87552K, used 7523K [0x0000000080e00000, 0x0000000086380000, 0x00000000d5a00000)
  object space 87552K, 8% used [0x0000000080e00000,0x0000000081558fc0,0x0000000086380000)
 Metaspace       used 16937K, capacity 17136K, committed 17280K, reserved 1064960K
  class space    used 2043K, capacity 2110K, committed 2176K, reserved 1048576K
Event: 10.515 GC heap after
Heap after GC invocations=10 (full 0):
 PSYoungGen      total 38400K, used 3756K [0x00000000d5a00000, 0x00000000d8980000, 0x0000000100000000)
  eden space 30208K, 0% used [0x00000000d5a00000,0x00000000d5a00000,0x00000000d7780000)
  from space 8192K, 45% used [0x00000000d8180000,0x00000000d852b030,0x00000000d8980000)
  to   space 9216K, 0% used [0x00000000d7780000,0x00000000d7780000,0x00000000d8080000)
 ParOldGen       total 87552K, used 7555K [0x0000000080e00000, 0x0000000086380000, 0x00000000d5a00000)
  object space 87552K, 8% used [0x0000000080e00000,0x0000000081560fc0,0x0000000086380000)
 Metaspace       used 16937K, capacity 17136K, committed 17280K, reserved 1064960K
  class space    used 2043K, capacity 2110K, committed 2176K, reserved 1048576K
}

