# JRE version: Java(TM) SE Runtime Environment (8.0_66-b18) (build 1.8.0_66-b18)
# Java VM: Java HotSpot(TM) 64-Bit Server VM (25.66-b18 mixed mode windows-amd64 compressed oops)
Heap:
 PSYoungGen      total 28672K, used 23976K [0x00000000d5a00000, 0x00000000d7a80000, 0x0000000100000000)
  eden space 24064K, 84% used [0x00000000d5a00000,0x00000000d6dd71a8,0x00000000d7180000)
  from space 4608K, 79% used [0x00000000d7600000,0x00000000d7993030,0x00000000d7a80000)
  to   space 4608K, 0% used [0x00000000d7180000,0x00000000d7180000,0x00000000d7600000)
 ParOldGen       total 87552K, used 7146K [0x0000000080e00000, 0x0000000086380000, 0x00000000d5a00000)
  object space 87552K, 8% used [0x0000000080e00000,0x00000000814fa9a8,0x0000000086380000)
 Metaspace       used 17668K, capacity 17840K, committed 18048K, reserved 1064960K
  class space    used 2099K, capacity 2174K, committed 2176K, reserved 1048576K
GC Heap History (10 events):
Event: 20.792 GC heap before
{Heap before GC invocations=28 (full 0):
 PSYoungGen      total 27136K, used 26849K [0x00000000d5a00000, 0x00000000d7b80000, 0x0000000100000000)
  eden space 24064K, 99% used [0x00000000d5a00000,0x00000000d715d4f0,0x00000000d7180000)
  from space 3072K, 95% used [0x00000000d7180000,0x00000000d745b030,0x00000000d7480000)
  to   space 5120K, 0% used [0x00000000d7680000,0x00000000d7680000,0x00000000d7b80000)
 ParOldGen       total 87552K, used 6970K [0x0000000080e00000, 0x0000000086380000, 0x00000000d5a00000)
  object space 87552K, 7% used [0x0000000080e00000,0x00000000814ce9a8,0x0000000086380000)
 Metaspace       used 15376K, capacity 15600K, committed 15744K, reserved 1062912K
  class space    used 1843K, capacity 1918K, committed 1920K, reserved 1048576K
Event: 20.794 GC heap after
Heap after GC invocations=28 (full 0):
 PSYoungGen      total 29184K, used 2956K [0x00000000d5a00000, 0x00000000d7b80000, 0x0000000100000000)
  eden space 24064K, 0% used [0x00000000d5a00000,0x00000000d5a00000,0x00000000d7180000)
  from space 5120K, 57% used [0x00000000d7680000,0x00000000d7963030,0x00000000d7b80000)
  to   space 5120K, 0% used [0x00000000d7180000,0x00000000d7180000,0x00000000d7680000)
 ParOldGen       total 87552K, used 6978K [0x0000000080e00000, 0x0000000086380000, 0x00000000d5a00000)
  object space 87552K, 7% used [0x0000000080e00000,0x00000000814d09a8,0x0000000086380000)
 Metaspace       used 15376K, capacity 15600K, committed 15744K, reserved 1062912K
  class space    used 1843K, capacity 1918K, committed 1920K, reserved 1048576K
}
Event: 21.223 GC heap before
{Heap before GC invocations=29 (full 0):
 PSYoungGen      total 29184K, used 26881K [0x00000000d5a00000, 0x00000000d7b80000, 0x0000000100000000)
  eden space 24064K, 99% used [0x00000000d5a00000,0x00000000d715d4f8,0x00000000d7180000)
  from space 5120K, 57% used [0x00000000d7680000,0x00000000d7963030,0x00000000d7b80000)
  to   space 5120K, 0% used [0x00000000d7180000,0x00000000d7180000,0x00000000d7680000)
 ParOldGen       total 87552K, used 6978K [0x0000000080e00000, 0x0000000086380000, 0x00000000d5a00000)
  object space 87552K, 7% used [0x0000000080e00000,0x00000000814d09a8,0x0000000086380000)
 Metaspace       used 15376K, capacity 15600K, committed 15744K, reserved 1062912K
  class space    used 1843K, capacity 1918K, committed 1920K, reserved 1048576K
Event: 21.226 GC heap after
Heap after GC invocations=29 (full 0):
 PSYoungGen      total 29184K, used 2924K [0x00000000d5a00000, 0x00000000d7b80000, 0x0000000100000000)
  eden space 24064K, 0% used [0x00000000d5a00000,0x00000000d5a00000,0x00000000d7180000)
  from space 5120K, 57% used [0x00000000d7180000,0x00000000d745b030,0x00000000d7680000)
  to   space 5120K, 0% used [0x00000000d7680000,0x00000000d7680000,0x00000000d7b80000)
 ParOldGen       total 87552K, used 6986K [0x0000000080e00000, 0x0000000086380000, 0x00000000d5a00000)
  object space 87552K, 7% used [0x0000000080e00000,0x00000000814d29a8,0x0000000086380000)
 Metaspace       used 15376K, capacity 15600K, committed 15744K, reserved 1062912K
  class space    used 1843K, capacity 1918K, committed 1920K, reserved 1048576K
}
Event: 21.655 GC heap before
{Heap before GC invocations=30 (full 0):
 PSYoungGen      total 29184K, used 26849K [0x00000000d5a00000, 0x00000000d7b80000, 0x0000000100000000)
  eden space 24064K, 99% used [0x00000000d5a00000,0x00000000d715d4f0,0x00000000d7180000)
  from space 5120K, 57% used [0x00000000d7180000,0x00000000d745b030,0x00000000d7680000)
  to   space 5120K, 0% used [0x00000000d7680000,0x00000000d7680000,0x00000000d7b80000)
 ParOldGen       total 87552K, used 6986K [0x0000000080e00000, 0x0000000086380000, 0x00000000d5a00000)
  object space 87552K, 7% used [0x0000000080e00000,0x00000000814d29a8,0x0000000086380000)
 Metaspace       used 15376K, capacity 15600K, committed 15744K, reserved 1062912K
  class space    used 1843K, capacity 1918K, committed 1920K, reserved 1048576K
Event: 21.658 GC heap after
Heap after GC invocations=30 (full 0):
 PSYoungGen      total 29184K, used 2892K [0x00000000d5a00000, 0x00000000d7b80000, 0x0000000100000000)
  eden space 24064K, 0% used [0x00000000d5a00000,0x00000000d5a00000,0x00000000d7180000)
  from space 5120K, 56% used [0x00000000d7680000,0x00000000d7953030,0x00000000d7b80000)
  to   space 5120K, 0% used [0x00000000d7180000,0x00000000d7180000,0x00000000d7680000)
 ParOldGen       total 87552K, used 7002K [0x0000000080e00000, 0x0000000086380000, 0x00000000d5a00000)
  object space 87552K, 7% used [0x0000000080e00000,0x00000000814d69a8,0x0000000086380000)
 Metaspace       used 15376K, capacity 15600K, committed 15744K, reserved 1062912K
  class space    used 1843K, capacity 1918K, committed 1920K, reserved 1048576K
}
Event: 22.019 GC heap before
{Heap before GC invocations=31 (full 0):
 PSYoungGen      total 29184K, used 26956K [0x00000000d5a00000, 0x00000000d7b80000, 0x0000000100000000)
  eden space 24064K, 100% used [0x00000000d5a00000,0x00000000d7180000,0x00000000d7180000)
  from space 5120K, 56% used [0x00000000d7680000,0x00000000d7953030,0x00000000d7b80000)
  to   space 5120K, 0% used [0x00000000d7180000,0x00000000d7180000,0x00000000d7680000)
 ParOldGen       total 87552K, used 7002K [0x0000000080e00000, 0x0000000086380000, 0x00000000d5a00000)
  object space 87552K, 7% used [0x0000000080e00000,0x00000000814d69a8,0x0000000086380000)
 Metaspace       used 16060K, capacity 16304K, committed 16640K, reserved 1064960K
  class space    used 1897K, capacity 1982K, committed 2048K, reserved 1048576K
Event: 22.020 GC heap after
Heap after GC invocations=31 (full 0):
 PSYoungGen      total 27648K, used 3183K [0x00000000d5a00000, 0x00000000d7a80000, 0x0000000100000000)
  eden space 24064K, 0% used [0x00000000d5a00000,0x00000000d5a00000,0x00000000d7180000)
  from space 3584K, 88% used [0x00000000d7180000,0x00000000d749bc60,0x00000000d7500000)
  to   space 4608K, 0% used [0x00000000d7600000,0x00000000d7600000,0x00000000d7a80000)
 ParOldGen       total 87552K, used 7018K [0x0000000080e00000, 0x0000000086380000, 0x00000000d5a00000)
  object space 87552K, 8% used [0x0000000080e00000,0x00000000814da9a8,0x0000000086380000)
 Metaspace       used 16060K, capacity 16304K, committed 16640K, reserved 1064960K
  class space    used 1897K, capacity 1982K, committed 2048K, reserved 1048576K
}
Event: 22.370 GC heap before
{Heap before GC invocations=32 (full 0):
 PSYoungGen      total 27648K, used 27247K [0x00000000d5a00000, 0x00000000d7a80000, 0x0000000100000000)
  eden space 24064K, 100% used [0x00000000d5a00000,0x00000000d7180000,0x00000000d7180000)
  from space 3584K, 88% used [0x00000000d7180000,0x00000000d749bc60,0x00000000d7500000)
  to   space 4608K, 0% used [0x00000000d7600000,0x00000000d7600000,0x00000000d7a80000)
 ParOldGen       total 87552K, used 7018K [0x0000000080e00000, 0x0000000086380000, 0x00000000d5a00000)
  object space 87552K, 8% used [0x0000000080e00000,0x00000000814da9a8,0x0000000086380000)
 Metaspace       used 17205K, capacity 17424K, committed 17536K, reserved 1064960K
  class space    used 2063K, capacity 2142K, committed 2176K, reserved 1048576K
Event: 22.371 GC heap after
Heap after GC invocations=32 (full 0):
 PSYoungGen      total 28672K, used 3660K [0x00000000d5a00000, 0x00000000d7a80000, 0x0000000100000000)
  eden space 24064K, 0% used [0x00000000d5a00000,0x00000000d5a00000,0x00000000d7180000)
  from space 4608K, 79% used [0x00000000d7600000,0x00000000d7993030,0x00000000d7a80000)
  to   space 4608K, 0% used [0x00000000d7180000,0x00000000d7180000,0x00000000d7600000)
 ParOldGen       total 87552K, used 7146K [0x0000000080e00000, 0x0000000086380000, 0x00000000d5a00000)
  object space 87552K, 8% used [0x0000000080e00000,0x00000000814fa9a8,0x0000000086380000)
 Metaspace       used 17205K, capacity 17424K, committed 17536K, reserved 1064960K
  class space    used 2063K, capacity 2142K, committed 2176K, reserved 1048576K
}

