# JRE version: Java(TM) SE Runtime Environment (8.0_66-b18) (build 1.8.0_66-b18)
# Java VM: Java HotSpot(TM) 64-Bit Server VM (25.66-b18 mixed mode windows-amd64 compressed oops)
Heap:
 PSYoungGen      total 41472K, used 30410K [0x00000000d5a00000, 0x00000000d8d80000, 0x0000000100000000)
  eden space 32256K, 83% used [0x00000000d5a00000,0x00000000d7449b58,0x00000000d7980000)
  from space 9216K, 37% used [0x00000000d8480000,0x00000000d87e9040,0x00000000d8d80000)
  to   space 10240K, 0% used [0x00000000d7980000,0x00000000d7980000,0x00000000d8380000)
 ParOldGen       total 87552K, used 5179K [0x0000000080e00000, 0x0000000086380000, 0x00000000d5a00000)
  object space 87552K, 5% used [0x0000000080e00000,0x000000008130ef38,0x0000000086380000)
 Metaspace       used 17518K, capacity 17744K, committed 17920K, reserved 1064960K
  class space    used 2120K, capacity 2206K, committed 2304K, reserved 1048576K
GC Heap History (10 events):
Event: 7.890 GC heap before
{Heap before GC invocations=2 (full 0):
 PSYoungGen      total 38400K, used 37986K [0x00000000d5a00000, 0x00000000d8480000, 0x0000000100000000)
  eden space 33280K, 98% used [0x00000000d5a00000,0x00000000d7a1caa8,0x00000000d7a80000)
  from space 5120K, 99% used [0x00000000d7a80000,0x00000000d7f7c050,0x00000000d7f80000)
  to   space 5120K, 0% used [0x00000000d7f80000,0x00000000d7f80000,0x00000000d8480000)
 ParOldGen       total 87552K, used 5011K [0x0000000080e00000, 0x0000000086380000, 0x00000000d5a00000)
  object space 87552K, 5% used [0x0000000080e00000,0x00000000812e4f38,0x0000000086380000)
 Metaspace       used 15181K, capacity 15432K, committed 15616K, reserved 1062912K
  class space    used 1864K, capacity 1950K, committed 2048K, reserved 1048576K
Event: 7.893 GC heap after
Heap after GC invocations=2 (full 0):
 PSYoungGen      total 38400K, used 5104K [0x00000000d5a00000, 0x00000000d8480000, 0x0000000100000000)
  eden space 33280K, 0% used [0x00000000d5a00000,0x00000000d5a00000,0x00000000d7a80000)
  from space 5120K, 99% used [0x00000000d7f80000,0x00000000d847c070,0x00000000d8480000)
  to   space 5120K, 0% used [0x00000000d7a80000,0x00000000d7a80000,0x00000000d7f80000)
 ParOldGen       total 87552K, used 5147K [0x0000000080e00000, 0x0000000086380000, 0x00000000d5a00000)
  object space 87552K, 5% used [0x0000000080e00000,0x0000000081306f38,0x0000000086380000)
 Metaspace       used 15181K, capacity 15432K, committed 15616K, reserved 1062912K
  class space    used 1864K, capacity 1950K, committed 2048K, reserved 1048576K
}
Event: 8.450 GC heap before
{Heap before GC invocations=3 (full 0):
 PSYoungGen      total 38400K, used 37644K [0x00000000d5a00000, 0x00000000d8480000, 0x0000000100000000)
  eden space 33280K, 97% used [0x00000000d5a00000,0x00000000d79c70f8,0x00000000d7a80000)
  from space 5120K, 99% used [0x00000000d7f80000,0x00000000d847c070,0x00000000d8480000)
  to   space 5120K, 0% used [0x00000000d7a80000,0x00000000d7a80000,0x00000000d7f80000)
 ParOldGen       total 87552K, used 5147K [0x0000000080e00000, 0x0000000086380000, 0x00000000d5a00000)
  object space 87552K, 5% used [0x0000000080e00000,0x0000000081306f38,0x0000000086380000)
 Metaspace       used 15209K, capacity 15432K, committed 15616K, reserved 1062912K
  class space    used 1864K, capacity 1950K, committed 2048K, reserved 1048576K
Event: 8.452 GC heap after
Heap after GC invocations=3 (full 0):
 PSYoungGen      total 38400K, used 3352K [0x00000000d5a00000, 0x00000000d8480000, 0x0000000100000000)
  eden space 33280K, 0% used [0x00000000d5a00000,0x00000000d5a00000,0x00000000d7a80000)
  from space 5120K, 65% used [0x00000000d7a80000,0x00000000d7dc6040,0x00000000d7f80000)
  to   space 5120K, 0% used [0x00000000d7f80000,0x00000000d7f80000,0x00000000d8480000)
 ParOldGen       total 87552K, used 5155K [0x0000000080e00000, 0x0000000086380000, 0x00000000d5a00000)
  object space 87552K, 5% used [0x0000000080e00000,0x0000000081308f38,0x0000000086380000)
 Metaspace       used 15209K, capacity 15432K, committed 15616K, reserved 1062912K
  class space    used 1864K, capacity 1950K, committed 2048K, reserved 1048576K
}
Event: 9.025 GC heap before
{Heap before GC invocations=4 (full 0):
 PSYoungGen      total 38400K, used 36087K [0x00000000d5a00000, 0x00000000d8480000, 0x0000000100000000)
  eden space 33280K, 98% used [0x00000000d5a00000,0x00000000d79f7d60,0x00000000d7a80000)
  from space 5120K, 65% used [0x00000000d7a80000,0x00000000d7dc6040,0x00000000d7f80000)
  to   space 5120K, 0% used [0x00000000d7f80000,0x00000000d7f80000,0x00000000d8480000)
 ParOldGen       total 87552K, used 5155K [0x0000000080e00000, 0x0000000086380000, 0x00000000d5a00000)
  object space 87552K, 5% used [0x0000000080e00000,0x0000000081308f38,0x0000000086380000)
 Metaspace       used 15910K, capacity 16144K, committed 16384K, reserved 1062912K
  class space    used 1919K, capacity 2014K, committed 2048K, reserved 1048576K
Event: 9.027 GC heap after
Heap after GC invocations=4 (full 0):
 PSYoungGen      total 38400K, used 2693K [0x00000000d5a00000, 0x00000000d8480000, 0x0000000100000000)
  eden space 33280K, 0% used [0x00000000d5a00000,0x00000000d5a00000,0x00000000d7a80000)
  from space 5120K, 52% used [0x00000000d7f80000,0x00000000d8221650,0x00000000d8480000)
  to   space 5120K, 0% used [0x00000000d7a80000,0x00000000d7a80000,0x00000000d7f80000)
 ParOldGen       total 87552K, used 5163K [0x0000000080e00000, 0x0000000086380000, 0x00000000d5a00000)
  object space 87552K, 5% used [0x0000000080e00000,0x000000008130af38,0x0000000086380000)
 Metaspace       used 15910K, capacity 16144K, committed 16384K, reserved 1062912K
  class space    used 1919K, capacity 2014K, committed 2048K, reserved 1048576K
}
Event: 9.588 GC heap before
{Heap before GC invocations=5 (full 0):
 PSYoungGen      total 38400K, used 35261K [0x00000000d5a00000, 0x00000000d8480000, 0x0000000100000000)
  eden space 33280K, 97% used [0x00000000d5a00000,0x00000000d79ce038,0x00000000d7a80000)
  from space 5120K, 52% used [0x00000000d7f80000,0x00000000d8221650,0x00000000d8480000)
  to   space 5120K, 0% used [0x00000000d7a80000,0x00000000d7a80000,0x00000000d7f80000)
 ParOldGen       total 87552K, used 5163K [0x0000000080e00000, 0x0000000086380000, 0x00000000d5a00000)
  object space 87552K, 5% used [0x0000000080e00000,0x000000008130af38,0x0000000086380000)
 Metaspace       used 15912K, capacity 16144K, committed 16384K, reserved 1062912K
  class space    used 1919K, capacity 2014K, committed 2048K, reserved 1048576K
Event: 9.590 GC heap after
Heap after GC invocations=5 (full 0):
 PSYoungGen      total 37888K, used 3464K [0x00000000d5a00000, 0x00000000d8f00000, 0x0000000100000000)
  eden space 32768K, 0% used [0x00000000d5a00000,0x00000000d5a00000,0x00000000d7a00000)
  from space 5120K, 67% used [0x00000000d7a80000,0x00000000d7de2050,0x00000000d7f80000)
  to   space 10752K, 0% used [0x00000000d8480000,0x00000000d8480000,0x00000000d8f00000)
 ParOldGen       total 87552K, used 5171K [0x0000000080e00000, 0x0000000086380000, 0x00000000d5a00000)
  object space 87552K, 5% used [0x0000000080e00000,0x000000008130cf38,0x0000000086380000)
 Metaspace       used 15912K, capacity 16144K, committed 16384K, reserved 1062912K
  class space    used 1919K, capacity 2014K, committed 2048K, reserved 1048576K
}
Event: 10.073 GC heap before
{Heap before GC invocations=6 (full 0):
 PSYoungGen      total 37888K, used 35945K [0x00000000d5a00000, 0x00000000d8f00000, 0x0000000100000000)
  eden space 32768K, 99% used [0x00000000d5a00000,0x00000000d79b8790,0x00000000d7a00000)
  from space 5120K, 67% used [0x00000000d7a80000,0x00000000d7de2050,0x00000000d7f80000)
  to   space 10752K, 0% used [0x00000000d8480000,0x00000000d8480000,0x00000000d8f00000)
 ParOldGen       total 87552K, used 5171K [0x0000000080e00000, 0x0000000086380000, 0x00000000d5a00000)
  object space 87552K, 5% used [0x0000000080e00000,0x000000008130cf38,0x0000000086380000)
 Metaspace       used 17384K, capacity 17616K, committed 17920K, reserved 1064960K
  class space    used 2111K, capacity 2206K, committed 2304K, reserved 1048576K
Event: 10.079 GC heap after
Heap after GC invocations=6 (full 0):
 PSYoungGen      total 41472K, used 3492K [0x00000000d5a00000, 0x00000000d8d80000, 0x0000000100000000)
  eden space 32256K, 0% used [0x00000000d5a00000,0x00000000d5a00000,0x00000000d7980000)
  from space 9216K, 37% used [0x00000000d8480000,0x00000000d87e9040,0x00000000d8d80000)
  to   space 10240K, 0% used [0x00000000d7980000,0x00000000d7980000,0x00000000d8380000)
 ParOldGen       total 87552K, used 5179K [0x0000000080e00000, 0x0000000086380000, 0x00000000d5a00000)
  object space 87552K, 5% used [0x0000000080e00000,0x000000008130ef38,0x0000000086380000)
 Metaspace       used 17384K, capacity 17616K, committed 17920K, reserved 1064960K
  class space    used 2111K, capacity 2206K, committed 2304K, reserved 1048576K
}

